2023-11-23T04:26:08.658Z - log: [Package] menu@1.0.0 enable
2023-11-23T04:26:08.659Z - log: [Package] profile@1.0.0 enable
2023-11-23T04:26:08.665Z - log: [Package] project@1.0.2 enable
2023-11-23T04:26:08.669Z - log: [Package] messages@1.0.0 enable
2023-11-23T04:26:08.671Z - log: [Package] program@1.0.0 enable
2023-11-23T04:26:08.676Z - log: [Package] tester@1.0.0 enable
2023-11-23T04:26:08.680Z - log: [Package] preferences@1.0.0 enable
2023-11-23T04:26:10.649Z - log: Load engine in D:\Program Files\CocosEditors\Creator\3.6.2\resources\resources\3d\engine
2023-11-23T04:26:11.170Z - log: Register native engine in D:\Program Files\CocosEditors\Creator\3.6.2\resources\resources\3d\engine\native
2023-11-23T04:26:11.173Z - log: [Package] engine@1.0.7 enable
2023-11-23T04:26:13.294Z - log: [Package] programming@1.0.0 enable
2023-11-23T04:26:13.428Z - warn: 
2023-11-23T04:26:13.464Z - warn: 
2023-11-23T04:26:13.679Z - log: [Package] device@1.0.1 enable
2023-11-23T04:26:13.712Z - log: [Package] ui-kit@1.0.1 enable
2023-11-23T04:26:13.735Z - log: [Package] engine-extends@1.0.0 enable
2023-11-23T04:26:13.796Z - log: [Package] asset-db@1.0.0 enable
2023-11-23T04:26:13.796Z - warn: 
2023-11-23T04:26:13.849Z - log: [Package] scene@1.0.0 enable
2023-11-23T04:26:13.978Z - log: [Package] server@1.0.0 enable
2023-11-23T04:26:14.006Z - log: [Package] utils@1.0.0 enable
2023-11-23T04:26:16.638Z - warn: 
2023-11-23T04:26:16.638Z - warn: 
2023-11-23T04:26:16.638Z - warn: 
2023-11-23T04:26:16.650Z - warn: 
2023-11-23T04:26:16.650Z - warn: 
2023-11-23T04:26:16.650Z - warn: 
2023-11-23T04:26:19.927Z - warn: 
2023-11-23T04:26:19.967Z - log: [Package] preview@1.0.1 enable
2023-11-23T04:26:19.997Z - log: [Package] animator@1.0.0 enable
2023-11-23T04:26:20.032Z - log: pluginManager init: 0.106ms
2023-11-23T04:26:20.147Z - warn: 
2023-11-23T04:26:20.147Z - warn: 
2023-11-23T04:26:20.147Z - warn: 
2023-11-23T04:26:20.796Z - log: [Package] builder@1.3.3 enable
2023-11-23T04:26:20.824Z - log: [Package] shortcuts@1.0.1 enable
2023-11-23T04:26:20.853Z - log: [Package] animation-graph@1.0.0 enable
2023-11-23T04:26:20.879Z - log: [Package] about@1.0.0 enable
2023-11-23T04:26:20.907Z - log: [Package] assets@1.0.0 enable
2023-11-23T04:26:20.934Z - log: [Package] console@1.0.0 enable
2023-11-23T04:26:21.051Z - log: [Package] extension@3.0.16 enable
2023-11-23T04:26:21.078Z - log: [Package] hierarchy@1.0.0 enable
2023-11-23T04:26:21.104Z - log: [Package] inspector@1.0.0 enable
2023-11-23T04:26:21.131Z - log: [Package] lightmap@1.0.4 enable
2023-11-23T04:26:21.425Z - log: [Package] localization-editor@1.0.0 enable
2023-11-23T04:26:21.432Z - log: [Build-plugin] register pkg localization-editor: 4.143ms
2023-11-23T04:26:21.457Z - log: [Package] node-library@1.0.1 enable
2023-11-23T04:26:21.479Z - log: [Package] package-asset@1.0.0 enable
2023-11-23T04:26:21.504Z - log: [Package] process@1.0.0 enable
2023-11-23T04:26:21.531Z - log: [Package] reference-image@1.0.0 enable
2023-11-23T04:26:21.553Z - log: [Package] alipay-mini-game@1.0.1 enable
2023-11-23T04:26:21.553Z - log: [Build-plugin] register pkg alipay-mini-game: 0.612ms
2023-11-23T04:26:21.577Z - log: [Package] android@1.0.1 enable
2023-11-23T04:26:21.581Z - log: [Build-plugin] register pkg android: 3.705ms
2023-11-23T04:26:21.635Z - log: [Package] baidu-mini-game@1.0.1 enable
2023-11-23T04:26:21.638Z - log: [Build-plugin] register pkg baidu-mini-game: 2.634ms
2023-11-23T04:26:21.663Z - log: [Package] bytedance-mini-game@1.0.2 enable
2023-11-23T04:26:21.665Z - log: [Build-plugin] register pkg bytedance-mini-game: 1.582ms
2023-11-23T04:26:21.685Z - log: [Package] certificate@1.0.0 enable
2023-11-23T04:26:21.707Z - log: [Package] channel-upload-tools@1.0.0 enable
2023-11-23T04:26:21.729Z - log: [Package] cocos-play@1.0.1 enable
2023-11-23T04:26:21.732Z - log: [Build-plugin] register pkg cocos-play: 2.927ms
2023-11-23T04:26:21.755Z - log: [Package] huawei-agc@1.0.0 enable
2023-11-23T04:26:21.758Z - log: [Build-plugin] register pkg huawei-agc: 2.568ms
2023-11-23T04:26:21.779Z - log: [Package] huawei-quick-game@1.0.1 enable
2023-11-23T04:26:21.782Z - log: [Build-plugin] register pkg huawei-quick-game: 2.943ms
2023-11-23T04:26:21.807Z - log: [Package] ios@1.0.0 enable
2023-11-23T04:26:21.809Z - log: [Build-plugin] register pkg ios: 2.407ms
2023-11-23T04:26:21.831Z - log: [Package] linux@1.0.0 enable
2023-11-23T04:26:21.832Z - log: [Build-plugin] register pkg linux: 0.586ms
2023-11-23T04:26:21.853Z - log: [Package] mac@1.0.0 enable
2023-11-23T04:26:21.856Z - log: [Build-plugin] register pkg mac: 2.833ms
2023-11-23T04:26:21.926Z - log: [Package] native@1.0.2 enable
2023-11-23T04:26:21.930Z - log: [Build-plugin] register pkg native: 4.579ms
2023-11-23T04:26:21.951Z - log: [Package] ohos@1.0.0 enable
2023-11-23T04:26:21.954Z - log: [Build-plugin] register pkg ohos: 2.273ms
2023-11-23T04:26:21.975Z - log: [Package] open-harmonyos@1.0.0 enable
2023-11-23T04:26:21.975Z - log: [Build-plugin] register pkg open-harmonyos: 0.733ms
2023-11-23T04:26:21.998Z - log: [Package] oppo-mini-game@1.0.1 enable
2023-11-23T04:26:22.001Z - log: [Build-plugin] register pkg oppo-mini-game: 2.769ms
2023-11-23T04:26:22.024Z - log: [Package] runtime-dev-tools@1.0.0 enable
2023-11-23T04:26:22.052Z - log: [Package] vivo-mini-game@1.0.1 enable
2023-11-23T04:26:22.055Z - log: [Build-plugin] register pkg vivo-mini-game: 2.589ms
2023-11-23T04:26:22.091Z - log: [Package] web-desktop@1.0.1 enable
2023-11-23T04:26:22.094Z - log: [Build-plugin] register pkg web-desktop: 2.226ms
2023-11-23T04:26:22.120Z - log: [Package] web-mobile@1.0.1 enable
2023-11-23T04:26:22.122Z - log: [Build-plugin] register pkg web-mobile: 2.24ms
2023-11-23T04:26:22.149Z - log: [Package] wechatgame@1.0.2 enable
2023-11-23T04:26:22.153Z - log: [Build-plugin] register pkg wechatgame: 4.041ms
2023-11-23T04:26:22.175Z - log: [Package] windows@1.0.1 enable
2023-11-23T04:26:22.177Z - log: [Build-plugin] register pkg windows: 2.087ms
2023-11-23T04:26:22.198Z - log: [Package] xiaomi-quick-game@1.0.1 enable
2023-11-23T04:26:22.201Z - log: [Build-plugin] register pkg xiaomi-quick-game: 2.513ms
2023-11-23T04:26:22.366Z - log: [Package] cocos-service@3.0.4 enable
2023-11-23T04:26:22.369Z - log: [Build-plugin] register pkg cocos-service: 1.218ms
2023-11-23T04:26:22.395Z - log: [Package] importer@1.1.0 enable
2023-11-23T04:26:22.567Z - log: [Im-plugin] Check im-plugin version.
2023-11-23T04:26:22.570Z - log: [Package] im-plugin@3.0.9 enable
2023-11-23T04:26:23.540Z - log: [Im-plugin] No online info of im-plugin.
2023-11-23T04:26:24.892Z - log: [Scene] Please specifiy a default value for "cc.EditorExtendable.__editorExtras__" property at its declaration:

 
// Before:
@property(...)
myProp;
// After:
@property(...)
myProp = 0;
2023-11-23T04:26:24.908Z - log: [Scene] Please specifiy a default value for "CCPropertyOverrideInfo.value" property at its declaration:

 
// Before:
@property(...)
myProp;
// After:
@property(...)
myProp = 0;
2023-11-23T04:26:24.908Z - log: [Scene] Please specifiy a default value for "cc.PrefabInfo.asset" property at its declaration:

 
// Before:
@property(...)
myProp;
// After:
@property(...)
myProp = 0;
2023-11-23T04:26:24.908Z - log: [Scene] Please specifiy a default value for "cc.PrefabInfo.nestedPrefabInstanceRoots" property at its declaration:

 
// Before:
@property(...)
myProp;
// After:
@property(...)
myProp = 0;
2023-11-23T04:26:24.911Z - log: [Scene] The 'default' attribute of 'ColorDesc.beginAccesses' must be an array
2023-11-23T04:26:24.911Z - log: [Scene] The 'default' attribute of 'ColorDesc.endAccesses' must be an array
2023-11-23T04:26:24.921Z - log: [Scene] Please specifiy a default value for "cc.animation.TrackBinding.proxy" property at its declaration:

 
// Before:
@property(...)
myProp;
// After:
@property(...)
myProp = 0;
2023-11-23T04:26:24.922Z - log: [Scene] Please specifiy a default value for "cc.animation.Channel._curve" property at its declaration:

 
// Before:
@property(...)
myProp;
// After:
@property(...)
myProp = 0;
2023-11-23T04:26:24.922Z - log: [Scene] Please specifiy a default value for "cc.animation.SingleChannelTrack._channel" property at its declaration:

 
// Before:
@property(...)
myProp;
// After:
@property(...)
myProp = 0;
2023-11-23T04:26:24.923Z - log: [Scene] Please specifiy a default value for "cc.animation.VectorTrack._channels" property at its declaration:

 
// Before:
@property(...)
myProp;
// After:
@property(...)
myProp = 0;
2023-11-23T04:26:24.923Z - log: [Scene] Please specifiy a default value for "cc.animation.ColorTrack._channels" property at its declaration:

 
// Before:
@property(...)
myProp;
// After:
@property(...)
myProp = 0;
2023-11-23T04:26:24.923Z - log: [Scene] Please specifiy a default value for "cc.animation.SizeTrack._channels" property at its declaration:

 
// Before:
@property(...)
myProp;
// After:
@property(...)
myProp = 0;
2023-11-23T04:26:24.924Z - log: [Scene] Please specifiy a default value for "cc.animation.Transition.from" property at its declaration:

 
// Before:
@property(...)
myProp;
// After:
@property(...)
myProp = 0;
2023-11-23T04:26:24.924Z - log: [Scene] Please specifiy a default value for "cc.animation.Transition.to" property at its declaration:

 
// Before:
@property(...)
myProp;
// After:
@property(...)
myProp = 0;
2023-11-23T04:26:24.924Z - log: [Scene] Please specifiy a default value for "cc.animation.StateMachine._entryState" property at its declaration:

 
// Before:
@property(...)
myProp;
// After:
@property(...)
myProp = 0;
2023-11-23T04:26:24.924Z - log: [Scene] Please specifiy a default value for "cc.animation.StateMachine._exitState" property at its declaration:

 
// Before:
@property(...)
myProp;
// After:
@property(...)
myProp = 0;
2023-11-23T04:26:24.924Z - log: [Scene] Please specifiy a default value for "cc.animation.StateMachine._anyState" property at its declaration:

 
// Before:
@property(...)
myProp;
// After:
@property(...)
myProp = 0;
2023-11-23T04:26:24.924Z - log: [Scene] Please specifiy a default value for "cc.animation.Layer._stateMachine" property at its declaration:

 
// Before:
@property(...)
myProp;
// After:
@property(...)
myProp = 0;
2023-11-23T04:26:24.925Z - log: [Scene] Please specifiy a default value for "cc.animation.ExoticVectorLikeTrackValues._values" property at its declaration:

 
// Before:
@property(...)
myProp;
// After:
@property(...)
myProp = 0;
2023-11-23T04:26:24.925Z - log: [Scene] Please specifiy a default value for "cc.animation.ExoticVectorLikeTrackValues._isQuantized" property at its declaration:

 
// Before:
@property(...)
myProp;
// After:
@property(...)
myProp = 0;
2023-11-23T04:26:24.925Z - log: [Scene] Please specifiy a default value for "cc.animation.ExoticTrack.times" property at its declaration:

 
// Before:
@property(...)
myProp;
// After:
@property(...)
myProp = 0;
2023-11-23T04:26:24.925Z - log: [Scene] Please specifiy a default value for "cc.animation.ExoticTrack.values" property at its declaration:

 
// Before:
@property(...)
myProp;
// After:
@property(...)
myProp = 0;
2023-11-23T04:26:24.925Z - log: [Scene] Please specifiy a default value for "cc.animation.QuantizedFloatArray.originalPrecision" property at its declaration:

 
// Before:
@property(...)
myProp;
// After:
@property(...)
myProp = 0;
2023-11-23T04:26:24.925Z - log: [Scene] Please specifiy a default value for "cc.animation.QuantizedFloatArray.min" property at its declaration:

 
// Before:
@property(...)
myProp;
// After:
@property(...)
myProp = 0;
2023-11-23T04:26:24.925Z - log: [Scene] Please specifiy a default value for "cc.animation.QuantizedFloatArray.extent" property at its declaration:

 
// Before:
@property(...)
myProp;
// After:
@property(...)
myProp = 0;
2023-11-23T04:26:24.926Z - log: [Scene] Please specifiy a default value for "cc.animation.QuantizedFloatArray.values" property at its declaration:

 
// Before:
@property(...)
myProp;
// After:
@property(...)
myProp = 0;
2023-11-23T04:26:24.953Z - log: [Scene] 'cc.ParticleSystem2D.color' hides inherited property 'cc.UIRenderer.color'. To make the current property override that implementation, add the `override: true` attribute please.
2023-11-23T04:26:24.984Z - log: [Scene] No needs to indicate the 'cc.Boolean' attribute for "cc.Terrain._receiveShadow", which its default value is type of Boolean.
2023-11-23T04:26:24.984Z - log: [Scene] No needs to indicate the 'cc.Boolean' attribute for "cc.Terrain._useNormalmap", which its default value is type of Boolean.
2023-11-23T04:26:24.984Z - log: [Scene] No needs to indicate the 'cc.Boolean' attribute for "cc.Terrain._usePBR", which its default value is type of Boolean.
2023-11-23T04:26:24.984Z - log: [Scene] No needs to indicate the 'cc.Boolean' attribute for "cc.Terrain._lodEnable", which its default value is type of Boolean.
2023-11-23T04:26:25.052Z - info: [Scene] [Physics][Bullet]: Using asmjs Bullet libs.
2023-11-23T04:26:25.061Z - info: [Scene] [PHYSICS]: using builtin.
2023-11-23T04:26:25.142Z - log: [Scene] Cocos Creator v3.6.2
2023-11-23T04:26:25.142Z - info: [Scene] Forward render pipeline initialized.
2023-11-23T04:26:25.231Z - info: [Scene] [PHYSICS]: switch from builtin to bullet.
