debug: Wed, 13 Dec 2023 06:28:43 GMT
debug: Project: D:\MyWorkspace\Heyyogame\EatChook\EatChook
debug: Targets: editor,preview
debug: Incremental file seems great.
debug: Engine path: D:\Program Files\CocosEditors\Creator\3.7.2\resources\resources\3d\engine
debug: Initializing target [Editor]
debug: Loading cache
debug: Loading cache costs 54.86930000036955ms.
debug: Engine features shipped in editor: base,gfx-webgl,gfx-webgl2,gfx-empty,3d,animation,skeletal-animation,2d,ui,particle,particle-2d,physics-framework,physics-2d-framework,intersection-2d,primitive,profiler,occlusion-query,geometry-renderer,debug-renderer,audio,video,xr,light-probe,terrain,webview,tween,tiled-map,spine,dragon-bones,marionette,custom-pipeline,websocket,websocket-server
debug: Our import map(foo:/bar): {
  "imports": {
    "cc": "cce:/internal/x/cc"
  }
}
debug: Initializing target [Preview]
debug: Loading cache
debug: Loading cache costs 68.81390000134706ms.
debug: Our import map(foo:/bar): {
  "imports": {
    "cc": "cce:/internal/x/cc"
  }
}
debug: Sync engine features: 2d,3d,animation,audio,base,dragon-bones,gfx-webgl,gfx-webgl2,intersection-2d,light-probe,marionette,particle,particle-2d,physics-2d-box2d,physics-ammo,primitive,profiler,skeletal-animation,spine,terrain,tiled-map,tween,ui,video,websocket,webview
debug: Reset databases. Enumerated domains: [
  {
    "root": "db://internal/",
    "physical": "D:\\Program Files\\CocosEditors\\Creator\\3.7.2\\resources\\resources\\3d\\engine\\editor\\assets"
  },
  {
    "root": "db://assets/",
    "physical": "D:\\MyWorkspace\\Heyyogame\\EatChook\\EatChook\\assets"
  }
]
debug: Our import map(foo:/bar): {
  "imports": {
    "cc": "cce:/internal/x/cc",
    "db://internal/": "file:///D:/Program%20Files/CocosEditors/Creator/3.7.2/resources/resources/3d/engine/editor/assets/",
    "db://assets/": "file:///D:/MyWorkspace/Heyyogame/EatChook/EatChook/assets/"
  }
}
debug: Our import map(foo:/bar): {
  "imports": {
    "cc": "cce:/internal/x/cc",
    "db://internal/": "file:///D:/Program%20Files/CocosEditors/Creator/3.7.2/resources/resources/3d/engine/editor/assets/",
    "db://assets/": "file:///D:/MyWorkspace/Heyyogame/EatChook/EatChook/assets/"
  }
}
debug: Pulling asset-db.
debug: Fetch asset-db cost: 9.146200001239777ms.
debug: Build iteration starts.
Number of accumulated asset changes: 2
Feature changed: false
debug: Target(editor) build started.
debug: Detected change: cce:/internal/x/cc. Last mtime: Thu Jan 01 1970 08:00:15 GMT+0800 (中国标准时间), Current mtime: Thu Jan 01 1970 08:00:14 GMT+0800 (中国标准时间)
debug: Inspect cce:/internal/x/cc
debug: Resolve cce:/internal/x/cc-fu/base from cce:/internal/x/cc as external dependency cce:/internal/x/cc-fu/base.
debug: Resolve cce:/internal/x/cc-fu/gfx-webgl from cce:/internal/x/cc as external dependency cce:/internal/x/cc-fu/gfx-webgl.
debug: Resolve cce:/internal/x/cc-fu/gfx-webgl2 from cce:/internal/x/cc as external dependency cce:/internal/x/cc-fu/gfx-webgl2.
debug: Resolve cce:/internal/x/cc-fu/gfx-empty from cce:/internal/x/cc as external dependency cce:/internal/x/cc-fu/gfx-empty.
debug: Resolve cce:/internal/x/cc-fu/3d from cce:/internal/x/cc as external dependency cce:/internal/x/cc-fu/3d.
debug: Resolve cce:/internal/x/cc-fu/animation from cce:/internal/x/cc as external dependency cce:/internal/x/cc-fu/animation.
debug: Resolve cce:/internal/x/cc-fu/skeletal-animation from cce:/internal/x/cc as external dependency cce:/internal/x/cc-fu/skeletal-animation.
debug: Resolve cce:/internal/x/cc-fu/2d from cce:/internal/x/cc as external dependency cce:/internal/x/cc-fu/2d.
debug: Resolve cce:/internal/x/cc-fu/sorting from cce:/internal/x/cc as external dependency cce:/internal/x/cc-fu/sorting.
debug: Resolve cce:/internal/x/cc-fu/ui from cce:/internal/x/cc as external dependency cce:/internal/x/cc-fu/ui.
debug: Resolve cce:/internal/x/cc-fu/particle from cce:/internal/x/cc as external dependency cce:/internal/x/cc-fu/particle.
debug: Resolve cce:/internal/x/cc-fu/particle-2d from cce:/internal/x/cc as external dependency cce:/internal/x/cc-fu/particle-2d.
debug: Resolve cce:/internal/x/cc-fu/physics-framework from cce:/internal/x/cc as external dependency cce:/internal/x/cc-fu/physics-framework.
debug: Resolve cce:/internal/x/cc-fu/physics-2d-framework from cce:/internal/x/cc as external dependency cce:/internal/x/cc-fu/physics-2d-framework.
debug: Resolve cce:/internal/x/cc-fu/intersection-2d from cce:/internal/x/cc as external dependency cce:/internal/x/cc-fu/intersection-2d.
debug: Resolve cce:/internal/x/cc-fu/primitive from cce:/internal/x/cc as external dependency cce:/internal/x/cc-fu/primitive.
debug: Resolve cce:/internal/x/cc-fu/profiler from cce:/internal/x/cc as external dependency cce:/internal/x/cc-fu/profiler.
debug: Resolve cce:/internal/x/cc-fu/geometry-renderer from cce:/internal/x/cc as external dependency cce:/internal/x/cc-fu/geometry-renderer.
debug: Resolve cce:/internal/x/cc-fu/audio from cce:/internal/x/cc as external dependency cce:/internal/x/cc-fu/audio.
debug: Resolve cce:/internal/x/cc-fu/video from cce:/internal/x/cc as external dependency cce:/internal/x/cc-fu/video.
debug: Resolve cce:/internal/x/cc-fu/xr from cce:/internal/x/cc as external dependency cce:/internal/x/cc-fu/xr.
debug: Resolve cce:/internal/x/cc-fu/light-probe from cce:/internal/x/cc as external dependency cce:/internal/x/cc-fu/light-probe.
debug: Resolve cce:/internal/x/cc-fu/terrain from cce:/internal/x/cc as external dependency cce:/internal/x/cc-fu/terrain.
debug: Resolve cce:/internal/x/cc-fu/webview from cce:/internal/x/cc as external dependency cce:/internal/x/cc-fu/webview.
debug: Resolve cce:/internal/x/cc-fu/tween from cce:/internal/x/cc as external dependency cce:/internal/x/cc-fu/tween.
debug: Resolve cce:/internal/x/cc-fu/tiled-map from cce:/internal/x/cc as external dependency cce:/internal/x/cc-fu/tiled-map.
debug: Resolve cce:/internal/x/cc-fu/spine from cce:/internal/x/cc as external dependency cce:/internal/x/cc-fu/spine.
debug: Resolve cce:/internal/x/cc-fu/dragon-bones from cce:/internal/x/cc as external dependency cce:/internal/x/cc-fu/dragon-bones.
debug: Resolve cce:/internal/x/cc-fu/custom-pipeline from cce:/internal/x/cc as external dependency cce:/internal/x/cc-fu/custom-pipeline.
debug: Detected change: cce:/internal/x/prerequisite-imports. Last mtime: Thu Jan 01 1970 09:20:29 GMT+0800 (中国标准时间), Current mtime: Thu Jan 01 1970 08:00:14 GMT+0800 (中国标准时间)
debug: Inspect cce:/internal/x/prerequisite-imports
debug: Resolve file:///D:/MyWorkspace/Heyyogame/EatChook/EatChook/assets/Assets/Scr/WorldRank.ts from cce:/internal/x/prerequisite-imports as file:///D:/MyWorkspace/Heyyogame/EatChook/EatChook/assets/Assets/Scr/WorldRank.ts.
debug: Resolve cc from file:///D:/MyWorkspace/Heyyogame/EatChook/EatChook/assets/Assets/Scr/WorldRank.ts as cce:/internal/x/cc.
debug: Resolve cc from file:///D:/MyWorkspace/Heyyogame/EatChook/EatChook/assets/Assets/Scr/WorldRank.ts as cce:/internal/x/cc.
debug: Resolve cc from file:///D:/MyWorkspace/Heyyogame/EatChook/EatChook/assets/Assets/Scr/WorldRank.ts as cce:/internal/x/cc.
debug: Resolve file:///D:/Program%20Files/CocosEditors/Creator/3.7.2/resources/resources/3d/engine/editor/assets/tools/debug-view-runtime-control.ts from cce:/internal/x/prerequisite-imports as file:///D:/Program%20Files/CocosEditors/Creator/3.7.2/resources/resources/3d/engine/editor/assets/tools/debug-view-runtime-control.ts.
debug: Resolve cc from file:///D:/Program%20Files/CocosEditors/Creator/3.7.2/resources/resources/3d/engine/editor/assets/tools/debug-view-runtime-control.ts as cce:/internal/x/cc.
debug: Resolve cc from file:///D:/Program%20Files/CocosEditors/Creator/3.7.2/resources/resources/3d/engine/editor/assets/tools/debug-view-runtime-control.ts as cce:/internal/x/cc.
debug: Resolve cc from file:///D:/Program%20Files/CocosEditors/Creator/3.7.2/resources/resources/3d/engine/editor/assets/tools/debug-view-runtime-control.ts as cce:/internal/x/cc.
debug: Target(editor) ends with cost 150.8007000014186ms.
debug: Target(preview) build started.
debug: Detected change: cce:/internal/x/cc. Last mtime: Thu Jan 01 1970 08:00:15 GMT+0800 (中国标准时间), Current mtime: Thu Jan 01 1970 08:00:14 GMT+0800 (中国标准时间)
debug: Inspect cce:/internal/x/cc
debug: Resolve cce:/internal/x/cc-fu/2d from cce:/internal/x/cc as external dependency cce:/internal/x/cc-fu/2d.
debug: Resolve cce:/internal/x/cc-fu/sorting from cce:/internal/x/cc as external dependency cce:/internal/x/cc-fu/sorting.
debug: Resolve cce:/internal/x/cc-fu/3d from cce:/internal/x/cc as external dependency cce:/internal/x/cc-fu/3d.
debug: Resolve cce:/internal/x/cc-fu/animation from cce:/internal/x/cc as external dependency cce:/internal/x/cc-fu/animation.
debug: Resolve cce:/internal/x/cc-fu/audio from cce:/internal/x/cc as external dependency cce:/internal/x/cc-fu/audio.
debug: Resolve cce:/internal/x/cc-fu/base from cce:/internal/x/cc as external dependency cce:/internal/x/cc-fu/base.
debug: Resolve cce:/internal/x/cc-fu/dragon-bones from cce:/internal/x/cc as external dependency cce:/internal/x/cc-fu/dragon-bones.
debug: Resolve cce:/internal/x/cc-fu/gfx-webgl from cce:/internal/x/cc as external dependency cce:/internal/x/cc-fu/gfx-webgl.
debug: Resolve cce:/internal/x/cc-fu/gfx-webgl2 from cce:/internal/x/cc as external dependency cce:/internal/x/cc-fu/gfx-webgl2.
debug: Resolve cce:/internal/x/cc-fu/intersection-2d from cce:/internal/x/cc as external dependency cce:/internal/x/cc-fu/intersection-2d.
debug: Resolve cce:/internal/x/cc-fu/light-probe from cce:/internal/x/cc as external dependency cce:/internal/x/cc-fu/light-probe.
debug: Resolve cce:/internal/x/cc-fu/particle from cce:/internal/x/cc as external dependency cce:/internal/x/cc-fu/particle.
debug: Resolve cce:/internal/x/cc-fu/particle-2d from cce:/internal/x/cc as external dependency cce:/internal/x/cc-fu/particle-2d.
debug: Resolve cce:/internal/x/cc-fu/physics-2d-box2d from cce:/internal/x/cc as external dependency cce:/internal/x/cc-fu/physics-2d-box2d.
debug: Resolve cce:/internal/x/cc-fu/physics-2d-framework from cce:/internal/x/cc as external dependency cce:/internal/x/cc-fu/physics-2d-framework.
debug: Resolve cce:/internal/x/cc-fu/physics-ammo from cce:/internal/x/cc as external dependency cce:/internal/x/cc-fu/physics-ammo.
debug: Resolve cce:/internal/x/cc-fu/physics-framework from cce:/internal/x/cc as external dependency cce:/internal/x/cc-fu/physics-framework.
debug: Resolve cce:/internal/x/cc-fu/wait-for-ammo-instantiation from cce:/internal/x/cc as external dependency cce:/internal/x/cc-fu/wait-for-ammo-instantiation.
debug: Resolve cce:/internal/x/cc-fu/primitive from cce:/internal/x/cc as external dependency cce:/internal/x/cc-fu/primitive.
debug: Resolve cce:/internal/x/cc-fu/profiler from cce:/internal/x/cc as external dependency cce:/internal/x/cc-fu/profiler.
debug: Resolve cce:/internal/x/cc-fu/skeletal-animation from cce:/internal/x/cc as external dependency cce:/internal/x/cc-fu/skeletal-animation.
debug: Resolve cce:/internal/x/cc-fu/spine from cce:/internal/x/cc as external dependency cce:/internal/x/cc-fu/spine.
debug: Resolve cce:/internal/x/cc-fu/terrain from cce:/internal/x/cc as external dependency cce:/internal/x/cc-fu/terrain.
debug: Resolve cce:/internal/x/cc-fu/tiled-map from cce:/internal/x/cc as external dependency cce:/internal/x/cc-fu/tiled-map.
debug: Resolve cce:/internal/x/cc-fu/tween from cce:/internal/x/cc as external dependency cce:/internal/x/cc-fu/tween.
debug: Resolve cce:/internal/x/cc-fu/ui from cce:/internal/x/cc as external dependency cce:/internal/x/cc-fu/ui.
debug: Resolve cce:/internal/x/cc-fu/video from cce:/internal/x/cc as external dependency cce:/internal/x/cc-fu/video.
debug: Resolve cce:/internal/x/cc-fu/webview from cce:/internal/x/cc as external dependency cce:/internal/x/cc-fu/webview.
debug: Detected change: cce:/internal/x/prerequisite-imports. Last mtime: Thu Jan 01 1970 09:20:29 GMT+0800 (中国标准时间), Current mtime: Thu Jan 01 1970 08:00:14 GMT+0800 (中国标准时间)
debug: Inspect cce:/internal/x/prerequisite-imports
debug: Resolve file:///D:/MyWorkspace/Heyyogame/EatChook/EatChook/assets/Assets/Scr/WorldRank.ts from cce:/internal/x/prerequisite-imports as file:///D:/MyWorkspace/Heyyogame/EatChook/EatChook/assets/Assets/Scr/WorldRank.ts.
debug: Resolve cc from file:///D:/MyWorkspace/Heyyogame/EatChook/EatChook/assets/Assets/Scr/WorldRank.ts as cce:/internal/x/cc.
debug: Resolve cc from file:///D:/MyWorkspace/Heyyogame/EatChook/EatChook/assets/Assets/Scr/WorldRank.ts as cce:/internal/x/cc.
debug: Resolve cc from file:///D:/MyWorkspace/Heyyogame/EatChook/EatChook/assets/Assets/Scr/WorldRank.ts as cce:/internal/x/cc.
debug: Resolve file:///D:/Program%20Files/CocosEditors/Creator/3.7.2/resources/resources/3d/engine/editor/assets/tools/debug-view-runtime-control.ts from cce:/internal/x/prerequisite-imports as file:///D:/Program%20Files/CocosEditors/Creator/3.7.2/resources/resources/3d/engine/editor/assets/tools/debug-view-runtime-control.ts.
debug: Resolve cc from file:///D:/Program%20Files/CocosEditors/Creator/3.7.2/resources/resources/3d/engine/editor/assets/tools/debug-view-runtime-control.ts as cce:/internal/x/cc.
debug: Resolve cc from file:///D:/Program%20Files/CocosEditors/Creator/3.7.2/resources/resources/3d/engine/editor/assets/tools/debug-view-runtime-control.ts as cce:/internal/x/cc.
debug: Resolve cc from file:///D:/Program%20Files/CocosEditors/Creator/3.7.2/resources/resources/3d/engine/editor/assets/tools/debug-view-runtime-control.ts as cce:/internal/x/cc.
debug: Target(preview) ends with cost 200.68649999797344ms.
debug: Pulling asset-db.
debug: Fetch asset-db cost: 1761.6524000018835ms.
debug: Build iteration starts.
Number of accumulated asset changes: 2
Feature changed: false
debug: Target(editor) build started.
debug: Detected change: cce:/internal/x/prerequisite-imports. Last mtime: Thu Jan 01 1970 08:00:14 GMT+0800 (中国标准时间), Current mtime: Thu Jan 01 1970 08:00:27 GMT+0800 (中国标准时间)
debug: Inspect cce:/internal/x/prerequisite-imports
debug: Resolve file:///D:/MyWorkspace/Heyyogame/EatChook/EatChook/assets/Assets/Scr/WorldRank.ts from cce:/internal/x/prerequisite-imports as file:///D:/MyWorkspace/Heyyogame/EatChook/EatChook/assets/Assets/Scr/WorldRank.ts.
debug: Resolve file:///D:/Program%20Files/CocosEditors/Creator/3.7.2/resources/resources/3d/engine/editor/assets/tools/debug-view-runtime-control.ts from cce:/internal/x/prerequisite-imports as file:///D:/Program%20Files/CocosEditors/Creator/3.7.2/resources/resources/3d/engine/editor/assets/tools/debug-view-runtime-control.ts.
debug: Target(editor) ends with cost 35.86370000243187ms.
debug: Target(preview) build started.
debug: Detected change: cce:/internal/x/prerequisite-imports. Last mtime: Thu Jan 01 1970 08:00:14 GMT+0800 (中国标准时间), Current mtime: Thu Jan 01 1970 08:00:27 GMT+0800 (中国标准时间)
debug: Inspect cce:/internal/x/prerequisite-imports
debug: Resolve file:///D:/MyWorkspace/Heyyogame/EatChook/EatChook/assets/Assets/Scr/WorldRank.ts from cce:/internal/x/prerequisite-imports as file:///D:/MyWorkspace/Heyyogame/EatChook/EatChook/assets/Assets/Scr/WorldRank.ts.
debug: Resolve file:///D:/Program%20Files/CocosEditors/Creator/3.7.2/resources/resources/3d/engine/editor/assets/tools/debug-view-runtime-control.ts from cce:/internal/x/prerequisite-imports as file:///D:/Program%20Files/CocosEditors/Creator/3.7.2/resources/resources/3d/engine/editor/assets/tools/debug-view-runtime-control.ts.
debug: Target(preview) ends with cost 40.38509999960661ms.
debug: Dispatch build request for time accumulated 1 asset changes.
debug: Build iteration starts.
Number of accumulated asset changes: 1
Feature changed: false
debug: Target(editor) build started.
debug: Detected change: cce:/internal/x/prerequisite-imports. Last mtime: Thu Jan 01 1970 08:00:27 GMT+0800 (中国标准时间), Current mtime: Thu Jan 01 1970 09:05:49 GMT+0800 (中国标准时间)
debug: Inspect cce:/internal/x/prerequisite-imports
debug: Resolve file:///D:/MyWorkspace/Heyyogame/EatChook/EatChook/assets/Assets/Scr/WorldRank.ts from cce:/internal/x/prerequisite-imports as file:///D:/MyWorkspace/Heyyogame/EatChook/EatChook/assets/Assets/Scr/WorldRank.ts.
debug: Detected change: file:///D:/MyWorkspace/Heyyogame/EatChook/EatChook/assets/Assets/Scr/WorldRank.ts. Last mtime: Tue Dec 12 2023 18:35:08 GMT+0800 (中国标准时间)@89f584db-083c-4f4d-bb80-f5b7c60df839, Current mtime: Wed Dec 13 2023 15:33:20 GMT+0800 (中国标准时间)@89f584db-083c-4f4d-bb80-f5b7c60df839
debug: Inspect file:///D:/MyWorkspace/Heyyogame/EatChook/EatChook/assets/Assets/Scr/WorldRank.ts
debug: Resolve cc from file:///D:/MyWorkspace/Heyyogame/EatChook/EatChook/assets/Assets/Scr/WorldRank.ts as cce:/internal/x/cc.
debug: Resolve cc from file:///D:/MyWorkspace/Heyyogame/EatChook/EatChook/assets/Assets/Scr/WorldRank.ts as cce:/internal/x/cc.
debug: Resolve cc from file:///D:/MyWorkspace/Heyyogame/EatChook/EatChook/assets/Assets/Scr/WorldRank.ts as cce:/internal/x/cc.
debug: Resolve file:///D:/Program%20Files/CocosEditors/Creator/3.7.2/resources/resources/3d/engine/editor/assets/tools/debug-view-runtime-control.ts from cce:/internal/x/prerequisite-imports as file:///D:/Program%20Files/CocosEditors/Creator/3.7.2/resources/resources/3d/engine/editor/assets/tools/debug-view-runtime-control.ts.
debug: Target(editor) ends with cost 581.1532000005245ms.
debug: Target(preview) build started.
debug: Detected change: cce:/internal/x/prerequisite-imports. Last mtime: Thu Jan 01 1970 08:00:27 GMT+0800 (中国标准时间), Current mtime: Thu Jan 01 1970 09:05:49 GMT+0800 (中国标准时间)
debug: Inspect cce:/internal/x/prerequisite-imports
debug: Resolve file:///D:/MyWorkspace/Heyyogame/EatChook/EatChook/assets/Assets/Scr/WorldRank.ts from cce:/internal/x/prerequisite-imports as file:///D:/MyWorkspace/Heyyogame/EatChook/EatChook/assets/Assets/Scr/WorldRank.ts.
debug: Detected change: file:///D:/MyWorkspace/Heyyogame/EatChook/EatChook/assets/Assets/Scr/WorldRank.ts. Last mtime: Tue Dec 12 2023 18:35:08 GMT+0800 (中国标准时间)@89f584db-083c-4f4d-bb80-f5b7c60df839, Current mtime: Wed Dec 13 2023 15:33:20 GMT+0800 (中国标准时间)@89f584db-083c-4f4d-bb80-f5b7c60df839
debug: Inspect file:///D:/MyWorkspace/Heyyogame/EatChook/EatChook/assets/Assets/Scr/WorldRank.ts
debug: Resolve cc from file:///D:/MyWorkspace/Heyyogame/EatChook/EatChook/assets/Assets/Scr/WorldRank.ts as cce:/internal/x/cc.
debug: Resolve cc from file:///D:/MyWorkspace/Heyyogame/EatChook/EatChook/assets/Assets/Scr/WorldRank.ts as cce:/internal/x/cc.
debug: Resolve cc from file:///D:/MyWorkspace/Heyyogame/EatChook/EatChook/assets/Assets/Scr/WorldRank.ts as cce:/internal/x/cc.
debug: Resolve file:///D:/Program%20Files/CocosEditors/Creator/3.7.2/resources/resources/3d/engine/editor/assets/tools/debug-view-runtime-control.ts from cce:/internal/x/prerequisite-imports as file:///D:/Program%20Files/CocosEditors/Creator/3.7.2/resources/resources/3d/engine/editor/assets/tools/debug-view-runtime-control.ts.
debug: Target(preview) ends with cost 384.4522999972105ms.
debug: Dispatch build request for time accumulated 1 asset changes.
debug: Build iteration starts.
Number of accumulated asset changes: 1
Feature changed: false
debug: Target(editor) build started.
debug: Detected change: cce:/internal/x/prerequisite-imports. Last mtime: Thu Jan 01 1970 09:05:49 GMT+0800 (中国标准时间), Current mtime: Thu Jan 01 1970 09:09:46 GMT+0800 (中国标准时间)
debug: Inspect cce:/internal/x/prerequisite-imports
debug: Resolve file:///D:/MyWorkspace/Heyyogame/EatChook/EatChook/assets/Assets/Scr/GameRank.ts from cce:/internal/x/prerequisite-imports as file:///D:/MyWorkspace/Heyyogame/EatChook/EatChook/assets/Assets/Scr/GameRank.ts.
debug: Inspect file:///D:/MyWorkspace/Heyyogame/EatChook/EatChook/assets/Assets/Scr/GameRank.ts
debug: Resolve cc from file:///D:/MyWorkspace/Heyyogame/EatChook/EatChook/assets/Assets/Scr/GameRank.ts as cce:/internal/x/cc.
debug: Resolve cc from file:///D:/MyWorkspace/Heyyogame/EatChook/EatChook/assets/Assets/Scr/GameRank.ts as cce:/internal/x/cc.
debug: Resolve cc from file:///D:/MyWorkspace/Heyyogame/EatChook/EatChook/assets/Assets/Scr/GameRank.ts as cce:/internal/x/cc.
debug: Resolve file:///D:/MyWorkspace/Heyyogame/EatChook/EatChook/assets/Assets/Scr/WorldRank.ts from cce:/internal/x/prerequisite-imports as file:///D:/MyWorkspace/Heyyogame/EatChook/EatChook/assets/Assets/Scr/WorldRank.ts.
debug: Resolve file:///D:/Program%20Files/CocosEditors/Creator/3.7.2/resources/resources/3d/engine/editor/assets/tools/debug-view-runtime-control.ts from cce:/internal/x/prerequisite-imports as file:///D:/Program%20Files/CocosEditors/Creator/3.7.2/resources/resources/3d/engine/editor/assets/tools/debug-view-runtime-control.ts.
debug: Target(editor) ends with cost 185.61429999768734ms.
debug: Target(preview) build started.
debug: Detected change: cce:/internal/x/prerequisite-imports. Last mtime: Thu Jan 01 1970 09:05:49 GMT+0800 (中国标准时间), Current mtime: Thu Jan 01 1970 09:09:47 GMT+0800 (中国标准时间)
debug: Inspect cce:/internal/x/prerequisite-imports
debug: Resolve file:///D:/MyWorkspace/Heyyogame/EatChook/EatChook/assets/Assets/Scr/GameRank.ts from cce:/internal/x/prerequisite-imports as file:///D:/MyWorkspace/Heyyogame/EatChook/EatChook/assets/Assets/Scr/GameRank.ts.
debug: Inspect file:///D:/MyWorkspace/Heyyogame/EatChook/EatChook/assets/Assets/Scr/GameRank.ts
debug: Resolve cc from file:///D:/MyWorkspace/Heyyogame/EatChook/EatChook/assets/Assets/Scr/GameRank.ts as cce:/internal/x/cc.
debug: Resolve cc from file:///D:/MyWorkspace/Heyyogame/EatChook/EatChook/assets/Assets/Scr/GameRank.ts as cce:/internal/x/cc.
debug: Resolve cc from file:///D:/MyWorkspace/Heyyogame/EatChook/EatChook/assets/Assets/Scr/GameRank.ts as cce:/internal/x/cc.
debug: Resolve file:///D:/MyWorkspace/Heyyogame/EatChook/EatChook/assets/Assets/Scr/WorldRank.ts from cce:/internal/x/prerequisite-imports as file:///D:/MyWorkspace/Heyyogame/EatChook/EatChook/assets/Assets/Scr/WorldRank.ts.
debug: Resolve file:///D:/Program%20Files/CocosEditors/Creator/3.7.2/resources/resources/3d/engine/editor/assets/tools/debug-view-runtime-control.ts from cce:/internal/x/prerequisite-imports as file:///D:/Program%20Files/CocosEditors/Creator/3.7.2/resources/resources/3d/engine/editor/assets/tools/debug-view-runtime-control.ts.
debug: Target(preview) ends with cost 253.7406000047922ms.
debug: Dispatch build request for time accumulated 1 asset changes.
debug: Build iteration starts.
Number of accumulated asset changes: 1
Feature changed: false
debug: Target(editor) build started.
debug: Detected change: cce:/internal/x/prerequisite-imports. Last mtime: Thu Jan 01 1970 09:09:46 GMT+0800 (中国标准时间), Current mtime: Thu Jan 01 1970 09:31:26 GMT+0800 (中国标准时间)
debug: Inspect cce:/internal/x/prerequisite-imports
debug: Resolve file:///D:/MyWorkspace/Heyyogame/EatChook/EatChook/assets/Assets/Scr/GameRank.ts from cce:/internal/x/prerequisite-imports as file:///D:/MyWorkspace/Heyyogame/EatChook/EatChook/assets/Assets/Scr/GameRank.ts.
debug: Detected change: file:///D:/MyWorkspace/Heyyogame/EatChook/EatChook/assets/Assets/Scr/GameRank.ts. Last mtime: Wed Dec 13 2023 15:38:04 GMT+0800 (中国标准时间)@56b69f43-1f3a-43fd-91c7-72195a09f74a, Current mtime: Wed Dec 13 2023 15:59:51 GMT+0800 (中国标准时间)@56b69f43-1f3a-43fd-91c7-72195a09f74a
debug: Inspect file:///D:/MyWorkspace/Heyyogame/EatChook/EatChook/assets/Assets/Scr/GameRank.ts
debug: Resolve cc from file:///D:/MyWorkspace/Heyyogame/EatChook/EatChook/assets/Assets/Scr/GameRank.ts as cce:/internal/x/cc.
debug: Resolve cc from file:///D:/MyWorkspace/Heyyogame/EatChook/EatChook/assets/Assets/Scr/GameRank.ts as cce:/internal/x/cc.
debug: Resolve cc from file:///D:/MyWorkspace/Heyyogame/EatChook/EatChook/assets/Assets/Scr/GameRank.ts as cce:/internal/x/cc.
debug: Resolve file:///D:/MyWorkspace/Heyyogame/EatChook/EatChook/assets/Assets/Scr/WorldRank.ts from cce:/internal/x/prerequisite-imports as file:///D:/MyWorkspace/Heyyogame/EatChook/EatChook/assets/Assets/Scr/WorldRank.ts.
debug: Resolve file:///D:/Program%20Files/CocosEditors/Creator/3.7.2/resources/resources/3d/engine/editor/assets/tools/debug-view-runtime-control.ts from cce:/internal/x/prerequisite-imports as file:///D:/Program%20Files/CocosEditors/Creator/3.7.2/resources/resources/3d/engine/editor/assets/tools/debug-view-runtime-control.ts.
debug: Target(editor) ends with cost 142.5333999991417ms.
debug: Target(preview) build started.
debug: Detected change: cce:/internal/x/prerequisite-imports. Last mtime: Thu Jan 01 1970 09:09:47 GMT+0800 (中国标准时间), Current mtime: Thu Jan 01 1970 09:31:26 GMT+0800 (中国标准时间)
debug: Inspect cce:/internal/x/prerequisite-imports
debug: Resolve file:///D:/MyWorkspace/Heyyogame/EatChook/EatChook/assets/Assets/Scr/GameRank.ts from cce:/internal/x/prerequisite-imports as file:///D:/MyWorkspace/Heyyogame/EatChook/EatChook/assets/Assets/Scr/GameRank.ts.
debug: Detected change: file:///D:/MyWorkspace/Heyyogame/EatChook/EatChook/assets/Assets/Scr/GameRank.ts. Last mtime: Wed Dec 13 2023 15:38:04 GMT+0800 (中国标准时间)@56b69f43-1f3a-43fd-91c7-72195a09f74a, Current mtime: Wed Dec 13 2023 15:59:51 GMT+0800 (中国标准时间)@56b69f43-1f3a-43fd-91c7-72195a09f74a
debug: Inspect file:///D:/MyWorkspace/Heyyogame/EatChook/EatChook/assets/Assets/Scr/GameRank.ts
debug: Resolve cc from file:///D:/MyWorkspace/Heyyogame/EatChook/EatChook/assets/Assets/Scr/GameRank.ts as cce:/internal/x/cc.
debug: Resolve cc from file:///D:/MyWorkspace/Heyyogame/EatChook/EatChook/assets/Assets/Scr/GameRank.ts as cce:/internal/x/cc.
debug: Resolve cc from file:///D:/MyWorkspace/Heyyogame/EatChook/EatChook/assets/Assets/Scr/GameRank.ts as cce:/internal/x/cc.
debug: Resolve file:///D:/MyWorkspace/Heyyogame/EatChook/EatChook/assets/Assets/Scr/WorldRank.ts from cce:/internal/x/prerequisite-imports as file:///D:/MyWorkspace/Heyyogame/EatChook/EatChook/assets/Assets/Scr/WorldRank.ts.
debug: Resolve file:///D:/Program%20Files/CocosEditors/Creator/3.7.2/resources/resources/3d/engine/editor/assets/tools/debug-view-runtime-control.ts from cce:/internal/x/prerequisite-imports as file:///D:/Program%20Files/CocosEditors/Creator/3.7.2/resources/resources/3d/engine/editor/assets/tools/debug-view-runtime-control.ts.
debug: Target(preview) ends with cost 125.52260000258684ms.
